# JRE version: Java(TM) SE Runtime Environment (8.0_45-b15) (build 1.8.0_45-b15)
# Java VM: Java HotSpot(TM) 64-Bit Server VM (25.45-b02 mixed mode windows-amd64 compressed oops)
Heap:
 PSYoungGen      total 283136K, used 88097K [0x00000000e0000000, 0x00000000faf00000, 0x0000000100000000)
  eden space 207872K, 6% used [0x00000000e0000000,0x00000000e0c88b48,0x00000000ecb00000)
  from space 75264K, 99% used [0x00000000ecb00000,0x00000000f147f988,0x00000000f1480000)
  to   space 97792K, 0% used [0x00000000f4f80000,0x00000000f4f80000,0x00000000faf00000)
 ParOldGen       total 169472K, used 121543K [0x00000000a0000000, 0x00000000aa580000, 0x00000000e0000000)
  object space 169472K, 71% used [0x00000000a0000000,0x00000000a76b1cb0,0x00000000aa580000)
 Metaspace       used 76453K, capacity 79454K, committed 79616K, reserved 1118208K
  class space    used 9847K, capacity 10448K, committed 10496K, reserved 1048576K
GC Heap History (10 events):
Event: 888.050 GC heap before
{Heap before GC invocations=22 (full 3):
 PSYoungGen      total 217088K, used 204876K [0x00000000e0000000, 0x00000000f0500000, 0x0000000100000000)
  eden space 172032K, 100% used [0x00000000e0000000,0x00000000ea800000,0x00000000ea800000)
  from space 45056K, 72% used [0x00000000ed780000,0x00000000ef7930d0,0x00000000f0380000)
  to   space 47616K, 0% used [0x00000000ea800000,0x00000000ea800000,0x00000000ed680000)
 ParOldGen       total 169472K, used 68186K [0x00000000a0000000, 0x00000000aa580000, 0x00000000e0000000)
  object space 169472K, 40% used [0x00000000a0000000,0x00000000a4296a28,0x00000000aa580000)
 Metaspace       used 72522K, capacity 75068K, committed 75392K, reserved 1114112K
  class space    used 9505K, capacity 10035K, committed 10112K, reserved 1048576K
Event: 888.087 GC heap after
Heap after GC invocations=22 (full 3):
 PSYoungGen      total 219648K, used 45455K [0x00000000e0000000, 0x00000000f3180000, 0x0000000100000000)
  eden space 172032K, 0% used [0x00000000e0000000,0x00000000e0000000,0x00000000ea800000)
  from space 47616K, 95% used [0x00000000ea800000,0x00000000ed463ca0,0x00000000ed680000)
  to   space 54272K, 0% used [0x00000000efc80000,0x00000000efc80000,0x00000000f3180000)
 ParOldGen       total 169472K, used 68194K [0x00000000a0000000, 0x00000000aa580000, 0x00000000e0000000)
  object space 169472K, 40% used [0x00000000a0000000,0x00000000a4298a28,0x00000000aa580000)
 Metaspace       used 72522K, capacity 75068K, committed 75392K, reserved 1114112K
  class space    used 9505K, capacity 10035K, committed 10112K, reserved 1048576K
}
Event: 1003.471 GC heap before
{Heap before GC invocations=23 (full 3):
 PSYoungGen      total 219648K, used 217487K [0x00000000e0000000, 0x00000000f3180000, 0x0000000100000000)
  eden space 172032K, 100% used [0x00000000e0000000,0x00000000ea800000,0x00000000ea800000)
  from space 47616K, 95% used [0x00000000ea800000,0x00000000ed463ca0,0x00000000ed680000)
  to   space 54272K, 0% used [0x00000000efc80000,0x00000000efc80000,0x00000000f3180000)
 ParOldGen       total 169472K, used 68194K [0x00000000a0000000, 0x00000000aa580000, 0x00000000e0000000)
  object space 169472K, 40% used [0x00000000a0000000,0x00000000a4298a28,0x00000000aa580000)
 Metaspace       used 73801K, capacity 76486K, committed 76544K, reserved 1116160K
  class space    used 9615K, capacity 10186K, committed 10240K, reserved 1048576K
Event: 1003.505 GC heap after
Heap after GC invocations=23 (full 3):
 PSYoungGen      total 251392K, used 34535K [0x00000000e0000000, 0x00000000f2f80000, 0x0000000100000000)
  eden space 199168K, 0% used [0x00000000e0000000,0x00000000e0000000,0x00000000ec280000)
  from space 52224K, 66% used [0x00000000efc80000,0x00000000f1e39fd0,0x00000000f2f80000)
  to   space 55808K, 0% used [0x00000000ec280000,0x00000000ec280000,0x00000000ef900000)
 ParOldGen       total 169472K, used 68202K [0x00000000a0000000, 0x00000000aa580000, 0x00000000e0000000)
  object space 169472K, 40% used [0x00000000a0000000,0x00000000a429aa28,0x00000000aa580000)
 Metaspace       used 73801K, capacity 76486K, committed 76544K, reserved 1116160K
  class space    used 9615K, capacity 10186K, committed 10240K, reserved 1048576K
}
Event: 1021.821 GC heap before
{Heap before GC invocations=24 (full 3):
 PSYoungGen      total 251392K, used 233703K [0x00000000e0000000, 0x00000000f2f80000, 0x0000000100000000)
  eden space 199168K, 100% used [0x00000000e0000000,0x00000000ec280000,0x00000000ec280000)
  from space 52224K, 66% used [0x00000000efc80000,0x00000000f1e39fd0,0x00000000f2f80000)
  to   space 55808K, 0% used [0x00000000ec280000,0x00000000ec280000,0x00000000ef900000)
 ParOldGen       total 169472K, used 68202K [0x00000000a0000000, 0x00000000aa580000, 0x00000000e0000000)
  object space 169472K, 40% used [0x00000000a0000000,0x00000000a429aa28,0x00000000aa580000)
 Metaspace       used 74694K, capacity 77448K, committed 77696K, reserved 1116160K
  class space    used 9694K, capacity 10275K, committed 10368K, reserved 1048576K
Event: 1021.851 GC heap after
Heap after GC invocations=24 (full 3):
 PSYoungGen      total 254976K, used 36101K [0x00000000e0000000, 0x00000000f4c80000, 0x0000000100000000)
  eden space 199168K, 0% used [0x00000000e0000000,0x00000000e0000000,0x00000000ec280000)
  from space 55808K, 64% used [0x00000000ec280000,0x00000000ee5c16a8,0x00000000ef900000)
  to   space 57344K, 0% used [0x00000000f1480000,0x00000000f1480000,0x00000000f4c80000)
 ParOldGen       total 169472K, used 68210K [0x00000000a0000000, 0x00000000aa580000, 0x00000000e0000000)
  object space 169472K, 40% used [0x00000000a0000000,0x00000000a429ca28,0x00000000aa580000)
 Metaspace       used 74694K, capacity 77448K, committed 77696K, reserved 1116160K
  class space    used 9694K, capacity 10275K, committed 10368K, reserved 1048576K
}
Event: 1024.795 GC heap before
{Heap before GC invocations=25 (full 3):
 PSYoungGen      total 254976K, used 235269K [0x00000000e0000000, 0x00000000f4c80000, 0x0000000100000000)
  eden space 199168K, 100% used [0x00000000e0000000,0x00000000ec280000,0x00000000ec280000)
  from space 55808K, 64% used [0x00000000ec280000,0x00000000ee5c16a8,0x00000000ef900000)
  to   space 57344K, 0% used [0x00000000f1480000,0x00000000f1480000,0x00000000f4c80000)
 ParOldGen       total 169472K, used 68210K [0x00000000a0000000, 0x00000000aa580000, 0x00000000e0000000)
  object space 169472K, 40% used [0x00000000a0000000,0x00000000a429ca28,0x00000000aa580000)
 Metaspace       used 75570K, capacity 78536K, committed 78848K, reserved 1118208K
  class space    used 9778K, capacity 10375K, committed 10496K, reserved 1048576K
Event: 1025.001 GC heap after
Heap after GC invocations=25 (full 3):
 PSYoungGen      total 265216K, used 57343K [0x00000000e0000000, 0x00000000f7d00000, 0x0000000100000000)
  eden space 207872K, 0% used [0x00000000e0000000,0x00000000e0000000,0x00000000ecb00000)
  from space 57344K, 99% used [0x00000000f1480000,0x00000000f4c7fc38,0x00000000f4c80000)
  to   space 75264K, 0% used [0x00000000ecb00000,0x00000000ecb00000,0x00000000f1480000)
 ParOldGen       total 169472K, used 93850K [0x00000000a0000000, 0x00000000aa580000, 0x00000000e0000000)
  object space 169472K, 55% used [0x00000000a0000000,0x00000000a5ba6880,0x00000000aa580000)
 Metaspace       used 75570K, capacity 78536K, committed 78848K, reserved 1118208K
  class space    used 9778K, capacity 10375K, committed 10496K, reserved 1048576K
}
Event: 1068.001 GC heap before
{Heap before GC invocations=26 (full 3):
 PSYoungGen      total 265216K, used 265215K [0x00000000e0000000, 0x00000000f7d00000, 0x0000000100000000)
  eden space 207872K, 100% used [0x00000000e0000000,0x00000000ecb00000,0x00000000ecb00000)
  from space 57344K, 99% used [0x00000000f1480000,0x00000000f4c7fc38,0x00000000f4c80000)
  to   space 75264K, 0% used [0x00000000ecb00000,0x00000000ecb00000,0x00000000f1480000)
 ParOldGen       total 169472K, used 93850K [0x00000000a0000000, 0x00000000aa580000, 0x00000000e0000000)
  object space 169472K, 55% used [0x00000000a0000000,0x00000000a5ba6880,0x00000000aa580000)
 Metaspace       used 76420K, capacity 79390K, committed 79616K, reserved 1118208K
  class space    used 9847K, capacity 10448K, committed 10496K, reserved 1048576K
Event: 1068.320 GC heap after
Heap after GC invocations=26 (full 3):
 PSYoungGen      total 283136K, used 75262K [0x00000000e0000000, 0x00000000faf00000, 0x0000000100000000)
  eden space 207872K, 0% used [0x00000000e0000000,0x00000000e0000000,0x00000000ecb00000)
  from space 75264K, 99% used [0x00000000ecb00000,0x00000000f147f988,0x00000000f1480000)
  to   space 97792K, 0% used [0x00000000f4f80000,0x00000000f4f80000,0x00000000faf00000)
 ParOldGen       total 169472K, used 121543K [0x00000000a0000000, 0x00000000aa580000, 0x00000000e0000000)
  object space 169472K, 71% used [0x00000000a0000000,0x00000000a76b1cb0,0x00000000aa580000)
 Metaspace       used 76420K, capacity 79390K, committed 79616K, reserved 1118208K
  class space    used 9847K, capacity 10448K, committed 10496K, reserved 1048576K
}

