# JRE version: Java(TM) SE Runtime Environment (8.0_45-b15) (build 1.8.0_45-b15)
# Java VM: Java HotSpot(TM) 64-Bit Server VM (25.45-b02 mixed mode windows-amd64 compressed oops)
Heap:
 PSYoungGen      total 96768K, used 32463K [0x00000000e0000000, 0x00000000e6d80000, 0x0000000100000000)
  eden space 83456K, 22% used [0x00000000e0000000,0x00000000e12b64b8,0x00000000e5180000)
  from space 13312K, 99% used [0x00000000e5180000,0x00000000e5e7d770,0x00000000e5e80000)
  to   space 11776K, 0% used [0x00000000e5e80000,0x00000000e5e80000,0x00000000e6a00000)
 ParOldGen       total 107520K, used 19969K [0x00000000a0000000, 0x00000000a6900000, 0x00000000e0000000)
  object space 107520K, 18% used [0x00000000a0000000,0x00000000a1380470,0x00000000a6900000)
 Metaspace       used 51396K, capacity 52990K, committed 53248K, reserved 1095680K
  class space    used 7191K, capacity 7558K, committed 7680K, reserved 1048576K
GC Heap History (10 events):
Event: 7.931 GC heap before
{Heap before GC invocations=9 (full 1):
 PSYoungGen      total 59904K, used 39704K [0x00000000e0000000, 0x00000000e5c00000, 0x0000000100000000)
  eden space 48640K, 65% used [0x00000000e0000000,0x00000000e1f250b0,0x00000000e2f80000)
  from space 11264K, 69% used [0x00000000e2f80000,0x00000000e3721240,0x00000000e3a80000)
  to   space 11264K, 0% used [0x00000000e5100000,0x00000000e5100000,0x00000000e5c00000)
 ParOldGen       total 66560K, used 9223K [0x00000000a0000000, 0x00000000a4100000, 0x00000000e0000000)
  object space 66560K, 13% used [0x00000000a0000000,0x00000000a0901cc8,0x00000000a4100000)
 Metaspace       used 34583K, capacity 35266K, committed 35416K, reserved 1079296K
  class space    used 4848K, capacity 5091K, committed 5120K, reserved 1048576K
Event: 7.937 GC heap after
Heap after GC invocations=9 (full 1):
 PSYoungGen      total 81920K, used 9749K [0x00000000e0000000, 0x00000000e5f00000, 0x0000000100000000)
  eden space 70656K, 0% used [0x00000000e0000000,0x00000000e0000000,0x00000000e4500000)
  from space 11264K, 86% used [0x00000000e5100000,0x00000000e5a857d8,0x00000000e5c00000)
  to   space 12288K, 0% used [0x00000000e4500000,0x00000000e4500000,0x00000000e5100000)
 ParOldGen       total 66560K, used 9231K [0x00000000a0000000, 0x00000000a4100000, 0x00000000e0000000)
  object space 66560K, 13% used [0x00000000a0000000,0x00000000a0903cc8,0x00000000a4100000)
 Metaspace       used 34583K, capacity 35266K, committed 35416K, reserved 1079296K
  class space    used 4848K, capacity 5091K, committed 5120K, reserved 1048576K
}
Event: 7.937 GC heap before
{Heap before GC invocations=10 (full 2):
 PSYoungGen      total 81920K, used 9749K [0x00000000e0000000, 0x00000000e5f00000, 0x0000000100000000)
  eden space 70656K, 0% used [0x00000000e0000000,0x00000000e0000000,0x00000000e4500000)
  from space 11264K, 86% used [0x00000000e5100000,0x00000000e5a857d8,0x00000000e5c00000)
  to   space 12288K, 0% used [0x00000000e4500000,0x00000000e4500000,0x00000000e5100000)
 ParOldGen       total 66560K, used 9231K [0x00000000a0000000, 0x00000000a4100000, 0x00000000e0000000)
  object space 66560K, 13% used [0x00000000a0000000,0x00000000a0903cc8,0x00000000a4100000)
 Metaspace       used 34583K, capacity 35266K, committed 35416K, reserved 1079296K
  class space    used 4848K, capacity 5091K, committed 5120K, reserved 1048576K
Event: 7.995 GC heap after
Heap after GC invocations=10 (full 2):
 PSYoungGen      total 81920K, used 0K [0x00000000e0000000, 0x00000000e5f00000, 0x0000000100000000)
  eden space 70656K, 0% used [0x00000000e0000000,0x00000000e0000000,0x00000000e4500000)
  from space 11264K, 0% used [0x00000000e5100000,0x00000000e5100000,0x00000000e5c00000)
  to   space 12288K, 0% used [0x00000000e4500000,0x00000000e4500000,0x00000000e5100000)
 ParOldGen       total 107520K, used 16119K [0x00000000a0000000, 0x00000000a6900000, 0x00000000e0000000)
  object space 107520K, 14% used [0x00000000a0000000,0x00000000a0fbde70,0x00000000a6900000)
 Metaspace       used 34583K, capacity 35266K, committed 35416K, reserved 1079296K
  class space    used 4848K, capacity 5091K, committed 5120K, reserved 1048576K
}
Event: 8.684 GC heap before
{Heap before GC invocations=11 (full 2):
 PSYoungGen      total 81920K, used 70656K [0x00000000e0000000, 0x00000000e5f00000, 0x0000000100000000)
  eden space 70656K, 100% used [0x00000000e0000000,0x00000000e4500000,0x00000000e4500000)
  from space 11264K, 0% used [0x00000000e5100000,0x00000000e5100000,0x00000000e5c00000)
  to   space 12288K, 0% used [0x00000000e4500000,0x00000000e4500000,0x00000000e5100000)
 ParOldGen       total 107520K, used 16119K [0x00000000a0000000, 0x00000000a6900000, 0x00000000e0000000)
  object space 107520K, 14% used [0x00000000a0000000,0x00000000a0fbde70,0x00000000a6900000)
 Metaspace       used 38627K, capacity 39350K, committed 39680K, reserved 1083392K
  class space    used 5344K, capacity 5563K, committed 5632K, reserved 1048576K
Event: 8.690 GC heap after
Heap after GC invocations=11 (full 2):
 PSYoungGen      total 82944K, used 7680K [0x00000000e0000000, 0x00000000e6a00000, 0x0000000100000000)
  eden space 70656K, 0% used [0x00000000e0000000,0x00000000e0000000,0x00000000e4500000)
  from space 12288K, 62% used [0x00000000e4500000,0x00000000e4c802c0,0x00000000e5100000)
  to   space 11776K, 0% used [0x00000000e5e80000,0x00000000e5e80000,0x00000000e6a00000)
 ParOldGen       total 107520K, used 16127K [0x00000000a0000000, 0x00000000a6900000, 0x00000000e0000000)
  object space 107520K, 14% used [0x00000000a0000000,0x00000000a0fbfe70,0x00000000a6900000)
 Metaspace       used 38627K, capacity 39350K, committed 39680K, reserved 1083392K
  class space    used 5344K, capacity 5563K, committed 5632K, reserved 1048576K
}
Event: 9.858 GC heap before
{Heap before GC invocations=12 (full 2):
 PSYoungGen      total 82944K, used 78336K [0x00000000e0000000, 0x00000000e6a00000, 0x0000000100000000)
  eden space 70656K, 100% used [0x00000000e0000000,0x00000000e4500000,0x00000000e4500000)
  from space 12288K, 62% used [0x00000000e4500000,0x00000000e4c802c0,0x00000000e5100000)
  to   space 11776K, 0% used [0x00000000e5e80000,0x00000000e5e80000,0x00000000e6a00000)
 ParOldGen       total 107520K, used 16127K [0x00000000a0000000, 0x00000000a6900000, 0x00000000e0000000)
  object space 107520K, 14% used [0x00000000a0000000,0x00000000a0fbfe70,0x00000000a6900000)
 Metaspace       used 45273K, capacity 46182K, committed 46464K, reserved 1089536K
  class space    used 6251K, capacity 6498K, committed 6528K, reserved 1048576K
Event: 9.869 GC heap after
Heap after GC invocations=12 (full 2):
 PSYoungGen      total 95232K, used 11758K [0x00000000e0000000, 0x00000000e6d80000, 0x0000000100000000)
  eden space 83456K, 0% used [0x00000000e0000000,0x00000000e0000000,0x00000000e5180000)
  from space 11776K, 99% used [0x00000000e5e80000,0x00000000e69fb8c8,0x00000000e6a00000)
  to   space 13312K, 0% used [0x00000000e5180000,0x00000000e5180000,0x00000000e5e80000)
 ParOldGen       total 107520K, used 16179K [0x00000000a0000000, 0x00000000a6900000, 0x00000000e0000000)
  object space 107520K, 15% used [0x00000000a0000000,0x00000000a0fccc98,0x00000000a6900000)
 Metaspace       used 45273K, capacity 46182K, committed 46464K, reserved 1089536K
  class space    used 6251K, capacity 6498K, committed 6528K, reserved 1048576K
}
Event: 11.065 GC heap before
{Heap before GC invocations=13 (full 2):
 PSYoungGen      total 95232K, used 95214K [0x00000000e0000000, 0x00000000e6d80000, 0x0000000100000000)
  eden space 83456K, 100% used [0x00000000e0000000,0x00000000e5180000,0x00000000e5180000)
  from space 11776K, 99% used [0x00000000e5e80000,0x00000000e69fb8c8,0x00000000e6a00000)
  to   space 13312K, 0% used [0x00000000e5180000,0x00000000e5180000,0x00000000e5e80000)
 ParOldGen       total 107520K, used 16179K [0x00000000a0000000, 0x00000000a6900000, 0x00000000e0000000)
  object space 107520K, 15% used [0x00000000a0000000,0x00000000a0fccc98,0x00000000a6900000)
 Metaspace       used 50652K, capacity 52200K, committed 52352K, reserved 1093632K
  class space    used 7085K, capacity 7453K, committed 7552K, reserved 1048576K
Event: 11.080 GC heap after
Heap after GC invocations=13 (full 2):
 PSYoungGen      total 96768K, used 13301K [0x00000000e0000000, 0x00000000e6d80000, 0x0000000100000000)
  eden space 83456K, 0% used [0x00000000e0000000,0x00000000e0000000,0x00000000e5180000)
  from space 13312K, 99% used [0x00000000e5180000,0x00000000e5e7d770,0x00000000e5e80000)
  to   space 11776K, 0% used [0x00000000e5e80000,0x00000000e5e80000,0x00000000e6a00000)
 ParOldGen       total 107520K, used 19969K [0x00000000a0000000, 0x00000000a6900000, 0x00000000e0000000)
  object space 107520K, 18% used [0x00000000a0000000,0x00000000a1380470,0x00000000a6900000)
 Metaspace       used 50652K, capacity 52200K, committed 52352K, reserved 1093632K
  class space    used 7085K, capacity 7453K, committed 7552K, reserved 1048576K
}

